<?xml version="1.0" encoding="UTF-8"?>
<testng-results ignored="0" total="1" passed="1" failed="0" skipped="0">
  <reporter-output>
  </reporter-output>
  <suite started-at="2023-05-10T17:03:31 IST" name="Default suite" finished-at="2023-05-10T17:04:21 IST" duration-ms="49875">
    <groups>
    </groups>
    <test started-at="2023-05-10T17:03:31 IST" name="Default test" finished-at="2023-05-10T17:04:21 IST" duration-ms="49875">
      <class name="com.automation.testcases.LoginTestStockMarket">
        <test-method is-config="true" signature="setUpSuite()[pri:0, instance:com.automation.testcases.LoginTestStockMarket@6574a52c]" started-at="2023-05-10T17:03:30 IST" name="setUpSuite" finished-at="2023-05-10T17:03:31 IST" duration-ms="1113" status="PASS">
          <reporter-output>
          </reporter-output>
        </test-method> <!-- setUpSuite -->
        <test-method is-config="true" signature="setUp()[pri:0, instance:com.automation.testcases.LoginTestStockMarket@6574a52c]" started-at="2023-05-10T17:03:31 IST" name="setUp" finished-at="2023-05-10T17:03:39 IST" duration-ms="8065" status="PASS">
          <reporter-output>
          </reporter-output>
        </test-method> <!-- setUp -->
        <test-method signature="loginApp()[pri:0, instance:com.automation.testcases.LoginTestStockMarket@6574a52c]" started-at="2023-05-10T17:03:39 IST" name="loginApp" finished-at="2023-05-10T17:04:18 IST" duration-ms="39279" status="PASS">
          <reporter-output>
          </reporter-output>
        </test-method> <!-- loginApp -->
        <test-method is-config="true" signature="screenShot(org.testng.ITestResult)[pri:0, instance:com.automation.testcases.LoginTestStockMarket@6574a52c]" started-at="2023-05-10T17:04:18 IST" name="screenShot" finished-at="2023-05-10T17:04:19 IST" duration-ms="554" status="PASS">
          <params>
            <param index="0">
              <value>
                <![CDATA[[TestResult name=loginApp status=SUCCESS method=LoginTestStockMarket.loginApp()[pri:0, instance:com.automation.testcases.LoginTestStockMarket@6574a52c] output={null}]]]>
              </value>
            </param>
          </params>
          <reporter-output>
          </reporter-output>
        </test-method> <!-- screenShot -->
        <test-method is-config="true" signature="tearDown()[pri:0, instance:com.automation.testcases.LoginTestStockMarket@6574a52c]" started-at="2023-05-10T17:04:19 IST" name="tearDown" finished-at="2023-05-10T17:04:21 IST" duration-ms="1926" status="PASS">
          <reporter-output>
          </reporter-output>
        </test-method> <!-- tearDown -->
      </class> <!-- com.automation.testcases.LoginTestStockMarket -->
    </test> <!-- Default test -->
  </suite> <!-- Default suite -->
</testng-results>
